Arguments: 
  /home/restom/.nvm/versions/node/v18.16.1/bin/node /usr/local/bin/yarn install

PATH: 
  /home/restom/.vscode-server/extensions/ms-python.python-2024.0.1/pythonFiles/deactivate/zsh:/home/restom/bench-dev/env/bin:/home/restom/.vscode-server/bin/0ee08df0cf4527e40edc9aa28f4b5bd38bbff2b2/bin/remote-cli:/home/restom/.nvm/versions/node/v18.16.1/bin:/usr/local/sbin:/usr/local/bin:/usr/sbin:/usr/bin:/sbin:/bin:/usr/games:/usr/local/games:/snap/bin

Yarn version: 
  1.22.19

Node version: 
  18.16.1

Platform: 
  linux x64

Trace: 
  Error: https://registry.yarnpkg.com/date-io: Not found
      at params.callback [as _callback] (/usr/local/lib/node_modules/yarn/lib/cli.js:66145:18)
      at self.callback (/usr/local/lib/node_modules/yarn/lib/cli.js:140890:22)
      at Request.emit (node:events:513:28)
      at Request.<anonymous> (/usr/local/lib/node_modules/yarn/lib/cli.js:141862:10)
      at Request.emit (node:events:513:28)
      at IncomingMessage.<anonymous> (/usr/local/lib/node_modules/yarn/lib/cli.js:141784:12)
      at Object.onceWrapper (node:events:627:28)
      at IncomingMessage.emit (node:events:525:35)
      at endReadableNT (node:internal/streams/readable:1359:12)
      at process.processTicksAndRejections (node:internal/process/task_queues:82:21)

npm manifest: 
  {
    "dependencies": {
      "lodash": "^4.17.21",
      "vuetify": "^3.3.0",
      "mitt": "^3.0.1",
      "maska": "^2.1.11",
      "date-io": "^3.0.0"
    }
  }

yarn manifest: 
  No manifest

Lockfile: 
  # THIS IS AN AUTOGENERATED FILE. DO NOT EDIT THIS FILE DIRECTLY.
  # yarn lockfile v1
  
  
  lodash@^4.17.21:
    version "4.17.21"
    resolved "https://registry.yarnpkg.com/lodash/-/lodash-4.17.21.tgz#679591c564c3bffaae8454cf0b3df370c3d6911c"
    integrity sha512-v2kDEe57lecTulaDIuNTPy3Ry4gLGJ6Z1O3vE1krgXZNrsQ+LFTGHVxVjcXPs17LhbZVGedAJv8XZ1tvj5FvSg==
  
  maska@^2.1.11:
    version "2.1.11"
    resolved "https://registry.yarnpkg.com/maska/-/maska-2.1.11.tgz#71ef39a0c7121beda374f9a309bded5c129dd3f1"
    integrity sha512-IGqWjBnKxMYcVa06pb4mPfag9sJjnR2T15CdGfQ2llR3gajiSd4AxXCvNqHMEq9W3UBhjjTazgWumsP3sWrUSg==
  
  mitt@^3.0.1:
    version "3.0.1"
    resolved "https://registry.yarnpkg.com/mitt/-/mitt-3.0.1.tgz#ea36cf0cc30403601ae074c8f77b7092cdab36d1"
    integrity sha512-vKivATfr97l2/QBCYAkXYDbrIWPM2IIKEl7YPhjCvKlG3kE2gm+uBo6nEXK3M5/Ffh/FLpKExzOQ3JJoJGFKBw==
  
  vuetify@^3.3.0:
    version "3.5.3"
    resolved "https://registry.yarnpkg.com/vuetify/-/vuetify-3.5.3.tgz#bfb807027854db17950195659139c9abc76bf497"
    integrity sha512-z2H1HYEfFeqHTp47VbFOLAv6Nard/eP4+qIXY9c6Z/uUflLhq5K8cyXL6MKhfIzyUsto+KszjVTyX+bu7zT2QA==
